<?xml version="1.0" encoding="UTF-8"?>
<testsuite hostname="Abhis-MBP.home" name="org.parboiled.examples.abc.AbcTest" tests="18" failures="0" timestamp="1 Oct 2015 16:43:58 GMT" time="1.8" errors="0">
  <testcase name="test" time="0.106" classname="org.parboiled.examples.abc.AbcTest"/>
  <testcase name="testFail1" time="0.004" classname="org.parboiled.examples.abc.AbcTest"/>
  <testcase name="testFail2" time="0.011" classname="org.parboiled.examples.abc.AbcTest"/>
  <testcase name="testCalculatorErrorRecovery" time="0.038" classname="org.parboiled.examples.calculators.CalculatorRecoveryTest"/>
  <testcase name="testCalculator0" time="0.007" classname="org.parboiled.examples.calculators.CalculatorsTest"/>
  <testcase name="testCalculator1" time="0.005" classname="org.parboiled.examples.calculators.CalculatorsTest"/>
  <testcase name="testCalculator2" time="0.053" classname="org.parboiled.examples.calculators.CalculatorsTest"/>
  <testcase name="testCalculator3" time="0.097" classname="org.parboiled.examples.calculators.CalculatorsTest"/>
  <testcase name="testCalculator4" time="0.02" classname="org.parboiled.examples.calculators.CalculatorsTest"/>
  <testcase name="testSimpleReporting" time="0.005" classname="org.parboiled.examples.calculators.ReportingParseRunnerTest"/>
  <testcase name="testTracingParseRunner" time="0.026" classname="org.parboiled.examples.calculators.TracingParseRunnerTest"/>
  <testcase name="testJavaErrorRecovery" time="0.439" classname="org.parboiled.examples.java.JavaRecoveryTest"/>
  <testcase name="simpleJavaTest" time="0.028" classname="org.parboiled.examples.java.JavaTest"/>
  <testcase name="javaTest2" time="0.006" classname="org.parboiled.examples.java.JavaTest2"/>
  <testcase name="testJavaError1" time="0.012" classname="org.parboiled.examples.java.ReportingParseRunnerTest"/>
  <testcase name="testJavaError2" time="0.009" classname="org.parboiled.examples.java.ReportingParseRunnerTest"/>
  <testcase name="test" time="0.719" classname="org.parboiled.examples.sparql.SparqlTest"/>
  <testcase name="test" time="0.032" classname="org.parboiled.examples.time.TimeTest"/>
</testsuite>
