<?xml version="1.0" encoding="UTF-8"?>
<testng-results>
  <reporter-output>
  </reporter-output>
  <suite name="Command line suite" duration-ms="271" started-at="2015-10-01T12:44:20Z" finished-at="2015-10-01T12:44:20Z">
    <groups>
    </groups>
    <test name="Command line test" duration-ms="271" started-at="2015-10-01T12:44:20Z" finished-at="2015-10-01T12:44:20Z">
      <class name="org.parboiled.examples.json.JsonParserTest">
        <test-method status="PASS" signature="testJsonParser()" name="testJsonParser" duration-ms="246" started-at="2015-10-01T12:44:20Z" finished-at="2015-10-01T12:44:20Z">
        </test-method>
        <test-method status="PASS" signature="testJsonParserError()" name="testJsonParserError" duration-ms="12" started-at="2015-10-01T12:44:20Z" finished-at="2015-10-01T12:44:20Z">
        </test-method>
      </class>
    </test>
  </suite>
</testng-results>
