<?xml version="1.0" encoding="UTF-8"?>
<testsuite hostname="Abhis-MBP.home" name="org.parboiled.ActionTest" tests="54" failures="0" timestamp="1 Oct 2015 16:43:57 GMT" time="1.451" errors="0">
  <testcase name="verifyTestParserExtension" time="0.215" classname="org.parboiled.transform.ParserExtensionVerificationTest"/>
  <testcase name="testActionClassGeneration" time="0.01" classname="org.parboiled.transform.ActionClassGeneratorTest"/>
  <testcase name="testRuleWithComplexActionSetup" time="0.002" classname="org.parboiled.transform.InstructionGroupPreparerTest"/>
  <testcase name="testRuleMethodRewriting" time="0.01" classname="org.parboiled.transform.RuleMethodRewriterTest"/>
  <testcase name="test" time="0.247" classname="org.parboiled.ActionTest"/>
  <testcase name="test" time="0.02" classname="org.parboiled.ActionVar2Test"/>
  <testcase name="test" time="0.02" classname="org.parboiled.ActionVarTest"/>
  <testcase name="test" time="0.012" classname="org.parboiled.BugIn0100Test"/>
  <testcase name="test" time="0.02" classname="org.parboiled.BugIn0990Test"/>
  <testcase name="testLabellingParser" time="0.028" classname="org.parboiled.CachingTest"/>
  <testcase name="test" time="0.022" classname="org.parboiled.CurrentCharTest"/>
  <testcase name="test" time="0.009" classname="org.parboiled.InPredicateTest"/>
  <testcase name="test" time="0.015" classname="org.parboiled.IndentDedentTest"/>
  <testcase name="testLabellingParser" time="0.007" classname="org.parboiled.LabelTest"/>
  <testcase name="testRecursiveLabelling" time="0.001" classname="org.parboiled.LabelTest"/>
  <testcase name="test1" time="0.01" classname="org.parboiled.MemoMismatchesTest"/>
  <testcase name="test2" time="0.011" classname="org.parboiled.MemoMismatchesTest"/>
  <testcase name="test" time="0.044" classname="org.parboiled.NTimesTest"/>
  <testcase name="testNodeSuppression" time="0.016" classname="org.parboiled.NodeSkippingTest"/>
  <testcase name="testNodeSuppression" time="0.021" classname="org.parboiled.NodeSuppressionTest"/>
  <testcase name="test" time="0.032" classname="org.parboiled.ParserInheritanceTest"/>
  <testcase name="test" time="0.039" classname="org.parboiled.PrevCallsTest"/>
  <testcase name="testRecursion" time="0.059" classname="org.parboiled.RecursionTest"/>
  <testcase name="test" time="0.008" classname="org.parboiled.SimpleTest"/>
  <testcase name="test" time="0.024" classname="org.parboiled.SplitParserTest"/>
  <testcase name="testCreateRecords" time="0.07" classname="org.parboiled.matchers.FirstOfStringsMatcherTest"/>
  <testcase name="testFirstOfStringsFail" time="0.015" classname="org.parboiled.matchers.FirstOfStringsMatcherTest"/>
  <testcase name="testFirstOfStringsMatcher" time="0.001" classname="org.parboiled.matchers.FirstOfStringsMatcherTest"/>
  <testcase name="testMatchesSubsequently" time="0.007" classname="org.parboiled.matchers.MemoMismatchesMatcherTest"/>
  <testcase name="test" time="0.016" classname="org.parboiled.parserunners.BugIn0990Test"/>
  <testcase name="testSingleRecovery" time="0.044" classname="org.parboiled.parserunners.EmptyErrorRecoveryTest"/>
  <testcase name="testRecoveryErrorActions1" time="0.032" classname="org.parboiled.parserunners.RecoveryErrorActionsTest"/>
  <testcase name="testRecoveryErrorActions2" time="0.001" classname="org.parboiled.parserunners.RecoveryErrorActionsTest"/>
  <testcase name="testRecoveryErrorActions3" time="0.001" classname="org.parboiled.parserunners.RecoveryErrorActionsTest"/>
  <testcase name="testRecoveryErrorActions4" time="0.001" classname="org.parboiled.parserunners.RecoveryErrorActionsTest"/>
  <testcase name="testRecoveryErrorActions5" time="0.002" classname="org.parboiled.parserunners.RecoveryErrorActionsTest"/>
  <testcase name="testRecoveryOnEmptyBuffer" time="0.002" classname="org.parboiled.parserunners.RecoveryErrorActionsTest"/>
  <testcase name="testRecovery" time="0.025" classname="org.parboiled.parserunners.SimpleErrorRecoveryTest"/>
  <testcase name="testRecoveryTimeout" time="0.023" classname="org.parboiled.parserunners.SimpleErrorRecoveryTest"/>
  <testcase name="testMatcherPath" time="0.021" classname="org.parboiled.support.MatcherPathTest"/>
  <testcase name="test" time="0.006" classname="org.parboiled.transform.BugIn101Test"/>
  <testcase name="test" time="0.012" classname="org.parboiled.transform.CachingGeneratorTest"/>
  <testcase name="testRuleWithActionAccessingPrivateField" time="0.002" classname="org.parboiled.transform.ErrorDetectionTest"/>
  <testcase name="testRuleWithActionAccessingPrivateMethod" time="0.004" classname="org.parboiled.transform.ErrorDetectionTest"/>
  <testcase name="testReturnInstructionUnification" time="0.016" classname="org.parboiled.transform.ImplicitActionsConverterTest"/>
  <testcase name="testInstructionGraphing" time="0.004" classname="org.parboiled.transform.InstructionGroupCreatorTest"/>
  <testcase name="testBugIn101" time="0.004" classname="org.parboiled.transform.ParserHierarchyTest"/>
  <testcase name="verifyTestParserHierarchyExtension" time="0.07" classname="org.parboiled.transform.ParserHierarchyTest"/>
  <testcase name="testReturnInstructionUnification" time="0.001" classname="org.parboiled.transform.ReturnInstructionUnifierTest"/>
  <testcase name="testVarInitClassGeneration" time="0.002" classname="org.parboiled.transform.VarInitClassGeneratorTest"/>
  <testcase name="testDoesntExpectTestNotMatcher" time="0.006" classname="org.parboiled.parserunners.ReportingParseRunnerTest"/>
  <testcase name="testErrorLocation" time="0.001" classname="org.parboiled.parserunners.ReportingParseRunnerTest"/>
  <testcase name="testErrorAtEOI" time="0.001" classname="org.parboiled.parserunners.ReportingParseRunnerTest"/>
  <testcase name="test" time="0.011" classname="org.parboiled.VarFramingTest"/>
</testsuite>
